[2022-03-03 04:16:56,531] multiqc                                            [DEBUG  ]  This is MultiQC v1.11
[2022-03-03 04:16:56,531] multiqc                                            [DEBUG  ]  No MultiQC config found: /usr/local/lib/python3.9/site-packages/multiqc_config.yaml
[2022-03-03 04:16:56,532] multiqc                                            [DEBUG  ]  No MultiQC config found: /home/fin/.multiqc_config.yaml
[2022-03-03 04:16:56,575] multiqc                                            [DEBUG  ]  Loading config settings from: multiqc_config.yaml
[2022-03-03 04:16:56,576] multiqc                                            [DEBUG  ]  New config 'report_comment': This report has been generated by the <a href="https://github.com/nf-core/viralrecon" target="_blank">nf-core/viralrecon</a> analysis pipeline. For information about how to interpret these results, please see the <a href="https://github.com/nf-core/viralrecon" target="_blank">documentation</a>.

[2022-03-03 04:16:56,576] multiqc                                            [DEBUG  ]  New config 'data_format': yaml
[2022-03-03 04:16:56,576] multiqc                                            [DEBUG  ]  New config 'max_table_rows': 10000
[2022-03-03 04:16:56,576] multiqc                                            [DEBUG  ]  New config 'run_modules': ['custom_content', 'fastqc', 'fastp', 'kraken', 'bowtie2', 'samtools', 'mosdepth', 'bcftools', 'snpeff', 'quast', 'pangolin', 'cutadapt']
[2022-03-03 04:16:56,576] multiqc                                            [DEBUG  ]  New config 'module_order': [{'fastqc': {'name': 'PREPROCESS: FastQC (raw reads)', 'info': 'This section of the report shows FastQC results for the raw reads before adapter trimming.', 'path_filters': ['./fastqc/*.zip']}}, {'fastp': {'name': 'PREPROCESS: fastp (adapter trimming)', 'info': 'This section of the report shows fastp results for reads after adapter and quality trimming.'}}, {'kraken': {'name': 'PREPROCESS: Kraken 2', 'info': 'This section of the report shows Kraken 2 classification results for reads after adapter trimming with fastp.'}}, {'bowtie2': {'name': 'VARIANTS: Bowtie 2', 'info': 'This section of the report shows Bowtie 2 mapping results for reads after adapter trimming and quality trimming.'}}, {'samtools': {'name': 'VARIANTS: SAMTools (raw)', 'anchor': 'samtools_bowtie2', 'info': 'This section of the report shows SAMTools counts/statistics after mapping with Bowtie 2.', 'path_filters': ['./bowtie2/*']}}, {'samtools': {'name': 'VARIANTS: SAMTools (iVar)', 'anchor': 'samtools_ivar', 'info': 'This section of the report shows SAMTools counts/statistics after primer sequence removal with iVar.', 'path_filters': ['./ivar_trim/*']}}, {'samtools': {'name': 'VARIANTS: SAMTools (MarkDuplicates)', 'anchor': 'samtools_markduplicates', 'info': 'This section of the report shows SAMTools counts/statistics after duplicate removal with picard MarkDuplicates.', 'path_filters': ['./picard_markduplicates/*']}}, {'mosdepth': {'name': 'VARIANTS: mosdepth', 'info': 'This section of the report shows genome-wide coverage metrics generated by mosdepth.'}}, {'pangolin': {'name': 'VARIANTS: Pangolin', 'info': 'This section of the report shows Pangolin lineage analysis results for the called variants.', 'path_filters': ['./variants/*.pangolin.csv']}}, {'bcftools': {'name': 'VARIANTS: BCFTools', 'info': 'This section of the report shows BCFTools stats results for the called variants.', 'path_filters': ['./variants/*.txt']}}, {'snpeff': {'name': 'VARIANTS: SnpEff', 'info': 'This section of the report shows SnpEff results for the called variants.', 'path_filters': ['./variants/*.csv']}}, {'quast': {'name': 'VARIANTS: QUAST', 'anchor': 'quast_variants', 'info': 'This section of the report shows QUAST QC results for the consensus sequence.', 'path_filters': ['./variants/*.tsv']}}, {'cutadapt': {'name': 'ASSEMBLY: Cutadapt (primer trimming)', 'info': 'This section of the report shows Cutadapt results for reads after primer sequence trimming.'}}, {'quast': {'name': 'ASSEMBLY: QUAST (SPAdes)', 'anchor': 'quast_spades', 'info': 'This section of the report shows QUAST results from SPAdes de novo assembly.', 'path_filters': ['./assembly_spades/*.tsv']}}, {'quast': {'name': 'ASSEMBLY: QUAST (Unicycler)', 'anchor': 'quast_unicycler', 'info': 'This section of the report shows QUAST results from Unicycler de novo assembly.', 'path_filters': ['./assembly_unicycler/*.tsv']}}, {'quast': {'name': 'ASSEMBLY: QUAST (minia)', 'anchor': 'quast_minia', 'info': 'This section of the report shows QUAST results from minia de novo assembly.', 'path_filters': ['./assembly_minia/*.tsv']}}]
[2022-03-03 04:16:56,576] multiqc                                            [DEBUG  ]  New config 'report_section_order': {'summary_assembly_metrics': {'before': 'summary_variants_metrics'}, 'amplicon_heatmap': {'before': 'summary_assembly_metrics'}, 'ivar_variants': {'before': 'mosdepth'}, 'software_versions': {'order': -1001}, 'nf-core-viralrecon-summary': {'order': -1002}}
[2022-03-03 04:16:56,576] multiqc                                            [DEBUG  ]  New config 'bcftools': {'collapse_complementary_changes': True}
[2022-03-03 04:16:56,576] multiqc                                            [DEBUG  ]  New config 'custom_data': {'amplicon_heatmap': {'section_name': 'Amplicon coverage heatmap', 'description': 'Heatmap to show median log10(coverage+1) per amplicon across samples.', 'plot_type': 'heatmap', 'pconfig': {'id': 'amplicon_heatmap', 'xTitle': 'Amplicon', 'namespace': 'Heatmap to show median log10(coverage+1) per amplicon across samples', 'square': False, 'colstops': [[0, '#440154'], [0.05, '#471365'], [0.1, '#482475'], [0.15, '#463480'], [0.2, '#414487'], [0.25, '#3b528b'], [0.3, '#355f8d'], [0.35, '#2f6c8e'], [0.4, '#2a788e'], [0.45, '#25848e'], [0.5, '#21918c'], [0.55, '#1e9c89'], [0.6, '#22a884'], [0.65, '#2fb47c'], [0.7, '#44bf70'], [0.75, '#5ec962'], [0.8, '#7ad151'], [0.85, '#9bd93c'], [0.9, '#bddf26'], [0.95, '#dfe318'], [1, '#fde725']]}}, 'summary_variants_metrics': {'section_name': 'Variant calling metrics', 'description': 'generated by the nf-core/viralrecon pipeline', 'plot_type': 'table', 'headers': {'# Input reads': {'description': 'Total number of reads in raw fastq file', 'format': '{:,.0f}'}, '% Non-host reads (Kraken 2)': {'description': 'Total number of non-host reads identified by Kraken2', 'format': '{:,.2f}'}, '# Trimmed reads (fastp)': {'description': 'Total number of reads remaining after adapter/quality trimming with fastp', 'format': '{:,.0f}'}, '# Mapped reads': {'description': 'Total number of Bowtie2 mapped reads relative to the viral genome', 'format': '{:,.0f}'}, '% Mapped reads': {'description': 'Percentage of Bowtie2 mapped reads relative to the viral genome', 'format': '{:,.2f}'}, '# Trimmed reads (iVar)': {'description': 'Total number of reads remaining after primer trimming with iVar', 'format': '{:,.0f}'}, 'Coverage median': {'description': 'Median coverage calculated by mosdepth', 'format': '{:,.2f}'}, '% Coverage > 1x': {'description': 'Coverage > 1x calculated by mosdepth', 'format': '{:,.2f}'}, '% Coverage > 10x': {'description': 'Coverage > 10x calculated by mosdepth', 'format': '{:,.2f}'}, '# SNPs': {'description': 'Total number of SNPs', 'format': '{:,.0f}'}, '# INDELs': {'description': 'Total number of INDELs', 'format': '{:,.0f}'}, '# Missense variants': {'description': 'Total number of variants identified as missense mutations with SnpEff', 'format': '{:,.0f}'}, '# Ns per 100kb consensus': {'description': 'Number of N bases per 100kb in consensus sequence', 'format': '{:,.2f}'}, 'Pangolin lineage': {'description': 'Pangolin lineage inferred from the consensus sequence'}, 'Nextclade clade': {'description': 'Nextclade clade inferred from the consensus sequence'}}, 'pconfig': {'id': 'summary_variants_metrics_plot', 'table_title': 'Variant calling metrics', 'namespace': 'Variant calling metrics', 'only_defined_headers': False, 'format': '{:.0f}'}}, 'summary_assembly_metrics': {'section_name': 'De novo assembly metrics', 'description': 'generated by the nf-core/viralrecon pipeline', 'plot_type': 'table', 'headers': {'# Input reads': {'description': 'Total number of reads in raw fastq file', 'format': '{:,.0f}'}, '# Trimmed reads (Cutadapt)': {'description': 'Total number of reads remaining after adapter/quality trimming with fastp', 'format': '{:,.0f}'}, '% Non-host reads (Kraken 2)': {'description': 'Total number of non-host reads identified by Kraken2', 'format': '{:,.2f}'}, '# Contigs (SPAdes)': {'description': 'Total number of contigs in SPAdes assembly as calculated by QUAST', 'format': '{:,.0f}'}, 'Largest contig (SPAdes)': {'description': 'Size of largest contig in SPAdes assembly as calculated by QUAST', 'format': '{:,.0f}'}, '% Genome fraction (SPAdes)': {'description': '% genome fraction for SPAdes assembly as calculated by QUAST', 'format': '{:,.2f}'}, 'N50 (SPAdes)': {'description': 'N50 metric for SPAdes assembly as calculated by QUAST', 'format': '{:,.2f}'}, '# Contigs (Unicycler)': {'description': 'Total number of contigs in Unicycler assembly as calculated by QUAST', 'format': '{:,.0f}'}, 'Largest contig (Unicycler)': {'description': 'Size of largest contig in Unicycler assembly as calculated by QUAST', 'format': '{:,.0f}'}, '% Genome fraction (Unicycler)': {'description': '% genome fraction for Unicycler assembly as calculated by QUAST', 'format': '{:,.2f}'}, 'N50 (Unicycler)': {'description': 'N50 metric for Unicycler assembly as calculated by QUAST', 'format': '{:,.2f}'}, '# Contigs (minia)': {'description': 'Total number of contigs in minia assembly as calculated by QUAST', 'format': '{:,.0f}'}, 'Largest contig (minia)': {'description': 'Size of largest contig in minia assembly as calculated by QUAST', 'format': '{:,.0f}'}, '% Genome fraction (minia)': {'description': '% genome fraction for minia assembly as calculated by QUAST', 'format': '{:,.2f}'}, 'N50 (minia)': {'description': 'N50 metric for minia assembly as calculated by QUAST', 'format': '{:,.2f}'}}, 'pconfig': {'id': 'summary_assembly_metrics_plot', 'table_title': 'De novo assembly metrics', 'namespace': 'De novo assembly metrics', 'only_defined_headers': False, 'format': '{:.0f}'}}, 'fail_mapped_reads': {'section_name': 'WARNING: Fail Reads Check', 'description': 'List of samples that had no reads after adapter trimming, and hence were ignored for the downstream processing steps.', 'plot_type': 'table', 'pconfig': {'id': 'fail_mapped_reads_table', 'table_title': 'Samples failed read threshold', 'namespace': 'Samples failed read threshold', 'format': '{:,.0f}'}}, 'fail_mapped_samples': {'section_name': 'WARNING: Fail Alignment Check', 'description': "List of samples that failed the Bowtie2 minimum mapped reads threshold specified via the '--min_mapped_reads' parameter, and hence were ignored for the downstream processing steps.", 'plot_type': 'table', 'pconfig': {'id': 'fail_mapped_samples_table', 'table_title': 'Samples failed mapped read threshold', 'namespace': 'Samples failed mapping read threshold', 'format': '{:,.0f}'}}}
[2022-03-03 04:16:56,576] multiqc                                            [DEBUG  ]  Added to filename clean extensions: ['.markduplicates', '.unclassified', '_MN908947.3']
[2022-03-03 04:16:56,576] multiqc                                            [DEBUG  ]  Added to filename clean trimmings: ['Consensus_']
[2022-03-03 04:16:56,576] multiqc                                            [DEBUG  ]  Added to filename patterns: {'fastp': {'fn': '*.fastp.json'}, 'bowtie2': {'fn': '*.bowtie2.log'}, 'mosdepth/global_dist': {'fn': '*.global.dist.txt'}, 'cutadapt': {'fn': '*.cutadapt.log'}}
[2022-03-03 04:16:56,577] multiqc                                            [DEBUG  ]  Command used: /usr/local/bin/multiqc -f -e general_stats --ignore nextclade_clade_mqc.tsv .
[2022-03-03 04:16:57,981] multiqc                                            [WARNING]  MultiQC Version v1.12 now available!
[2022-03-03 04:16:57,981] multiqc                                            [DEBUG  ]  Command     : /usr/local/bin/multiqc -f -e general_stats --ignore nextclade_clade_mqc.tsv .
[2022-03-03 04:16:57,981] multiqc                                            [DEBUG  ]  Working dir : /home/fin/Documents/research/bioinformatics/covid-19/sunnybrook_ncov_surveillance/analyses/on_deer_spillback_paper/culture_comparison/viral_recon_analysis/work/58/3ae6c0ab3d294d8fb3a1748ad61bac
[2022-03-03 04:16:57,981] multiqc                                            [DEBUG  ]  Template    : default
[2022-03-03 04:16:57,981] multiqc                                            [DEBUG  ]  Running Python 3.9.5 | packaged by conda-forge | (default, Jun 19 2021, 00:32:32)  [GCC 9.3.0]
[2022-03-03 04:16:57,981] multiqc                                            [DEBUG  ]  Ignoring files, directories and paths that match: nextclade_clade_mqc.tsv
[2022-03-03 04:16:57,984] multiqc                                            [INFO   ]  Only using modules: custom_content, fastqc, fastp, kraken, bowtie2, samtools, mosdepth, bcftools, snpeff, quast, pangolin, cutadapt
[2022-03-03 04:16:57,984] multiqc                                            [INFO   ]  Excluding modules 'general_stats'
[2022-03-03 04:16:57,984] multiqc                                            [DEBUG  ]  Analysing modules: custom_content, fastqc, fastp, kraken, bowtie2, samtools, samtools, samtools, mosdepth, pangolin, bcftools, snpeff, quast, cutadapt, quast, quast, quast
[2022-03-03 04:16:57,985] multiqc                                            [DEBUG  ]  Using temporary directory for creating report: /tmp/tmp55qvmn1s
[2022-03-03 04:16:58,109] multiqc                                            [INFO   ]  Search path : /home/fin/Documents/research/bioinformatics/covid-19/sunnybrook_ncov_surveillance/analyses/on_deer_spillback_paper/culture_comparison/viral_recon_analysis/work/58/3ae6c0ab3d294d8fb3a1748ad61bac
[2022-03-03 04:16:58,110] multiqc                                            [DEBUG  ]  Ignored 256 search patterns as didn't match running modules.
[2022-03-03 04:16:58,111] multiqc                                            [DEBUG  ]  Ignoring directory as matched fn_ignore_dirs: ./multiqc_data
[2022-03-03 04:16:58,152] multiqc                                            [DEBUG  ]  Ignoring file as matched an ignore pattern: nextclade_clade_mqc.tsv
[2022-03-03 04:16:58,478] multiqc.plots.bargraph                             [DEBUG  ]  Using matplotlib version 3.4.2
[2022-03-03 04:16:58,479] multiqc.plots.linegraph                            [DEBUG  ]  Using matplotlib version 3.4.2
[2022-03-03 04:16:58,510] multiqc.modules.custom_content.custom_content      [INFO   ]  nf-core-viralrecon-summary: Found 1 sample (html)
[2022-03-03 04:16:58,510] multiqc.modules.custom_content.custom_content      [INFO   ]  software_versions: Found 1 sample (html)
[2022-03-03 04:16:58,532] multiqc.modules.custom_content.custom_content      [INFO   ]  summary_variants_metrics: Found 4 samples (table)
[2022-03-03 04:16:58,532] multiqc.modules.custom_content.custom_content      [INFO   ]  amplicon_heatmap: Found 4 samples (heatmap)
[2022-03-03 04:16:58,536] multiqc.modules.custom_content.custom_content      [INFO   ]  ivar_variants: Found 4 samples (bargraph)
[2022-03-03 04:16:58,540] multiqc.modules.base_module                        [DEBUG  ]  fastqc/zip - Selecting '4645_P0_2_fastqc.zip' as it matched the path_filters for 'PREPROCESS: FastQC (raw reads)'
[2022-03-03 04:16:58,546] multiqc.modules.base_module                        [DEBUG  ]  fastqc/zip - Selecting '4581_P0_2_fastqc.zip' as it matched the path_filters for 'PREPROCESS: FastQC (raw reads)'
[2022-03-03 04:16:58,552] multiqc.modules.base_module                        [DEBUG  ]  fastqc/zip - Selecting '4658_P0_1_fastqc.zip' as it matched the path_filters for 'PREPROCESS: FastQC (raw reads)'
[2022-03-03 04:16:58,558] multiqc.modules.base_module                        [DEBUG  ]  fastqc/zip - Selecting '4649_P0_1_fastqc.zip' as it matched the path_filters for 'PREPROCESS: FastQC (raw reads)'
[2022-03-03 04:16:58,563] multiqc.modules.base_module                        [DEBUG  ]  fastqc/zip - Selecting '4658_P0_2_fastqc.zip' as it matched the path_filters for 'PREPROCESS: FastQC (raw reads)'
[2022-03-03 04:16:58,569] multiqc.modules.base_module                        [DEBUG  ]  fastqc/zip - Selecting '4645_P0_1_fastqc.zip' as it matched the path_filters for 'PREPROCESS: FastQC (raw reads)'
[2022-03-03 04:16:58,575] multiqc.modules.base_module                        [DEBUG  ]  fastqc/zip - Selecting '4581_P0_1_fastqc.zip' as it matched the path_filters for 'PREPROCESS: FastQC (raw reads)'
[2022-03-03 04:16:58,580] multiqc.modules.base_module                        [DEBUG  ]  fastqc/zip - Selecting '4649_P0_2_fastqc.zip' as it matched the path_filters for 'PREPROCESS: FastQC (raw reads)'
[2022-03-03 04:16:58,584] multiqc.modules.fastqc.fastqc                      [INFO   ]  Found 8 reports
[2022-03-03 04:16:58,817] multiqc.modules.fastp.fastp                        [DEBUG  ]  No duplication rate plot data: 4581_P0.fastp.json
[2022-03-03 04:16:58,822] multiqc.modules.fastp.fastp                        [DEBUG  ]  No duplication rate plot data: 4649_P0.fastp.json
[2022-03-03 04:16:58,827] multiqc.modules.fastp.fastp                        [DEBUG  ]  No duplication rate plot data: 4658_P0.fastp.json
[2022-03-03 04:16:58,830] multiqc.modules.fastp.fastp                        [DEBUG  ]  No duplication rate plot data: 4645_P0.fastp.json
[2022-03-03 04:16:58,831] multiqc.modules.fastp.fastp                        [INFO   ]  Found 4 reports
[2022-03-03 04:17:01,136] multiqc                                            [DEBUG  ]  No samples found: kraken
[2022-03-03 04:17:01,144] multiqc.modules.bowtie2.bowtie2                    [INFO   ]  Found 4 reports
[2022-03-03 04:17:01,158] multiqc.modules.base_module                        [DEBUG  ]  samtools/flagstat - Selecting '4649_P0.sorted.bam.flagstat' as it matched the path_filters for 'VARIANTS: SAMTools (raw)'
[2022-03-03 04:17:01,162] multiqc.modules.base_module                        [DEBUG  ]  samtools/flagstat - Selecting '4581_P0.sorted.bam.flagstat' as it matched the path_filters for 'VARIANTS: SAMTools (raw)'
[2022-03-03 04:17:01,163] multiqc.modules.base_module                        [DEBUG  ]  samtools/flagstat - Selecting '4645_P0.sorted.bam.flagstat' as it matched the path_filters for 'VARIANTS: SAMTools (raw)'
[2022-03-03 04:17:01,165] multiqc.modules.base_module                        [DEBUG  ]  samtools/flagstat - Selecting '4658_P0.sorted.bam.flagstat' as it matched the path_filters for 'VARIANTS: SAMTools (raw)'
[2022-03-03 04:17:01,185] multiqc.modules.samtools.samtools                  [INFO   ]  Found 4 flagstat reports
[2022-03-03 04:17:01,189] multiqc.modules.base_module                        [DEBUG  ]  samtools/flagstat - Skipping '4649_P0.sorted.bam.flagstat' as it didn't match the path_filters for 'VARIANTS: SAMTools (iVar)'
[2022-03-03 04:17:01,189] multiqc.modules.base_module                        [DEBUG  ]  samtools/flagstat - Skipping '4581_P0.sorted.bam.flagstat' as it didn't match the path_filters for 'VARIANTS: SAMTools (iVar)'
[2022-03-03 04:17:01,189] multiqc.modules.base_module                        [DEBUG  ]  samtools/flagstat - Skipping '4645_P0.sorted.bam.flagstat' as it didn't match the path_filters for 'VARIANTS: SAMTools (iVar)'
[2022-03-03 04:17:01,189] multiqc.modules.base_module                        [DEBUG  ]  samtools/flagstat - Skipping '4658_P0.sorted.bam.flagstat' as it didn't match the path_filters for 'VARIANTS: SAMTools (iVar)'
[2022-03-03 04:17:01,189] multiqc                                            [DEBUG  ]  No samples found: samtools
[2022-03-03 04:17:01,192] multiqc.modules.base_module                        [DEBUG  ]  samtools/flagstat - Skipping '4649_P0.sorted.bam.flagstat' as it didn't match the path_filters for 'VARIANTS: SAMTools (MarkDuplicates)'
[2022-03-03 04:17:01,193] multiqc.modules.base_module                        [DEBUG  ]  samtools/flagstat - Skipping '4581_P0.sorted.bam.flagstat' as it didn't match the path_filters for 'VARIANTS: SAMTools (MarkDuplicates)'
[2022-03-03 04:17:01,193] multiqc.modules.base_module                        [DEBUG  ]  samtools/flagstat - Skipping '4645_P0.sorted.bam.flagstat' as it didn't match the path_filters for 'VARIANTS: SAMTools (MarkDuplicates)'
[2022-03-03 04:17:01,193] multiqc.modules.base_module                        [DEBUG  ]  samtools/flagstat - Skipping '4658_P0.sorted.bam.flagstat' as it didn't match the path_filters for 'VARIANTS: SAMTools (MarkDuplicates)'
[2022-03-03 04:17:01,193] multiqc                                            [DEBUG  ]  No samples found: samtools
[2022-03-03 04:17:01,198] multiqc.modules.mosdepth.mosdepth                  [DEBUG  ]  include_contigs: []
[2022-03-03 04:17:01,198] multiqc.modules.mosdepth.mosdepth                  [DEBUG  ]  exclude_contigs: []
[2022-03-03 04:17:01,265] multiqc.modules.mosdepth.mosdepth                  [INFO   ]  Found 4 reports
[2022-03-03 04:17:01,615] multiqc.modules.mosdepth.mosdepth                  [DEBUG  ]  Using default coverage thresholds: 1, 5, 10, 30, 50
[2022-03-03 04:17:01,629] multiqc.modules.base_module                        [DEBUG  ]  pangolin - Selecting '4658_P0.pangolin.csv' as it matched the path_filters for 'VARIANTS: Pangolin'
[2022-03-03 04:17:01,629] multiqc.modules.base_module                        [DEBUG  ]  pangolin - Selecting '4581_P0.pangolin.csv' as it matched the path_filters for 'VARIANTS: Pangolin'
[2022-03-03 04:17:01,629] multiqc.modules.base_module                        [DEBUG  ]  pangolin - Selecting '4649_P0.pangolin.csv' as it matched the path_filters for 'VARIANTS: Pangolin'
[2022-03-03 04:17:01,630] multiqc.modules.base_module                        [DEBUG  ]  pangolin - Selecting '4645_P0.pangolin.csv' as it matched the path_filters for 'VARIANTS: Pangolin'
[2022-03-03 04:17:01,630] multiqc.modules.pangolin.pangolin                  [INFO   ]  Found 4 samples
[2022-03-03 04:17:01,651] multiqc.modules.base_module                        [DEBUG  ]  bcftools/stats - Selecting '4581_P0.bcftools_stats.txt' as it matched the path_filters for 'VARIANTS: BCFTools'
[2022-03-03 04:17:01,651] multiqc.modules.base_module                        [DEBUG  ]  bcftools/stats - Selecting '4658_P0.bcftools_stats.txt' as it matched the path_filters for 'VARIANTS: BCFTools'
[2022-03-03 04:17:01,652] multiqc.modules.base_module                        [DEBUG  ]  bcftools/stats - Selecting '4645_P0.bcftools_stats.txt' as it matched the path_filters for 'VARIANTS: BCFTools'
[2022-03-03 04:17:01,653] multiqc.modules.base_module                        [DEBUG  ]  bcftools/stats - Selecting '4649_P0.bcftools_stats.txt' as it matched the path_filters for 'VARIANTS: BCFTools'
[2022-03-03 04:17:01,664] multiqc.modules.bcftools.bcftools                  [INFO   ]  Found 4 stats reports
[2022-03-03 04:17:01,670] multiqc.modules.base_module                        [DEBUG  ]  snpeff - Selecting '4658_P0.snpeff.csv' as it matched the path_filters for 'VARIANTS: SnpEff'
[2022-03-03 04:17:01,671] multiqc.modules.base_module                        [DEBUG  ]  snpeff - Selecting '4649_P0.snpeff.csv' as it matched the path_filters for 'VARIANTS: SnpEff'
[2022-03-03 04:17:01,672] multiqc.modules.base_module                        [DEBUG  ]  snpeff - Selecting '4645_P0.snpeff.csv' as it matched the path_filters for 'VARIANTS: SnpEff'
[2022-03-03 04:17:01,673] multiqc.modules.base_module                        [DEBUG  ]  snpeff - Selecting '4581_P0.snpeff.csv' as it matched the path_filters for 'VARIANTS: SnpEff'
[2022-03-03 04:17:01,674] multiqc.modules.snpeff.snpeff                      [INFO   ]  Found 4 reports
[2022-03-03 04:17:01,709] multiqc                                            [DEBUG  ]  No samples found: quast
[2022-03-03 04:17:01,713] multiqc                                            [DEBUG  ]  No samples found: cutadapt
[2022-03-03 04:17:01,716] multiqc                                            [DEBUG  ]  No samples found: quast
[2022-03-03 04:17:01,720] multiqc                                            [DEBUG  ]  No samples found: quast
[2022-03-03 04:17:01,724] multiqc                                            [DEBUG  ]  No samples found: quast
[2022-03-03 04:17:01,724] multiqc                                            [DEBUG  ]  Reordering sections: anchor 'summary_assembly_metrics' not found.
[2022-03-03 04:17:01,724] multiqc                                            [DEBUG  ]  Reordering sections: anchor 'summary_assembly_metrics' not found for module 'Variant calling metrics'.
[2022-03-03 04:17:01,724] multiqc                                            [DEBUG  ]  Reordering sections: anchor 'amplicon_heatmap' not found for module 'Variant calling metrics'.
[2022-03-03 04:17:01,724] multiqc                                            [DEBUG  ]  Reordering sections: anchor 'ivar_variants' not found for module 'Variant calling metrics'.
[2022-03-03 04:17:01,724] multiqc                                            [DEBUG  ]  Reordering sections: anchor 'software_versions' not found for module 'Variant calling metrics'.
[2022-03-03 04:17:01,724] multiqc                                            [DEBUG  ]  Reordering sections: anchor 'nf-core-viralrecon-summary' not found for module 'Variant calling metrics'.
[2022-03-03 04:17:01,724] multiqc                                            [DEBUG  ]  Reordering sections: anchor 'summary_assembly_metrics' not found for module 'Amplicon coverage heatmap'.
[2022-03-03 04:17:01,724] multiqc                                            [DEBUG  ]  Reordering sections: anchor 'amplicon_heatmap' not found for module 'Amplicon coverage heatmap'.
[2022-03-03 04:17:01,724] multiqc                                            [DEBUG  ]  Reordering sections: anchor 'ivar_variants' not found for module 'Amplicon coverage heatmap'.
[2022-03-03 04:17:01,724] multiqc                                            [DEBUG  ]  Reordering sections: anchor 'software_versions' not found for module 'Amplicon coverage heatmap'.
[2022-03-03 04:17:01,724] multiqc                                            [DEBUG  ]  Reordering sections: anchor 'nf-core-viralrecon-summary' not found for module 'Amplicon coverage heatmap'.
[2022-03-03 04:17:01,724] multiqc                                            [DEBUG  ]  Reordering sections: anchor 'summary_assembly_metrics' not found for module 'PREPROCESS: FastQC (raw reads)'.
[2022-03-03 04:17:01,725] multiqc                                            [DEBUG  ]  Reordering sections: anchor 'amplicon_heatmap' not found for module 'PREPROCESS: FastQC (raw reads)'.
[2022-03-03 04:17:01,725] multiqc                                            [DEBUG  ]  Reordering sections: anchor 'ivar_variants' not found for module 'PREPROCESS: FastQC (raw reads)'.
[2022-03-03 04:17:01,725] multiqc                                            [DEBUG  ]  Reordering sections: anchor 'software_versions' not found for module 'PREPROCESS: FastQC (raw reads)'.
[2022-03-03 04:17:01,725] multiqc                                            [DEBUG  ]  Reordering sections: anchor 'nf-core-viralrecon-summary' not found for module 'PREPROCESS: FastQC (raw reads)'.
[2022-03-03 04:17:01,725] multiqc                                            [DEBUG  ]  Reordering sections: anchor 'summary_assembly_metrics' not found for module 'PREPROCESS: fastp (adapter trimming)'.
[2022-03-03 04:17:01,725] multiqc                                            [DEBUG  ]  Reordering sections: anchor 'amplicon_heatmap' not found for module 'PREPROCESS: fastp (adapter trimming)'.
[2022-03-03 04:17:01,725] multiqc                                            [DEBUG  ]  Reordering sections: anchor 'ivar_variants' not found for module 'PREPROCESS: fastp (adapter trimming)'.
[2022-03-03 04:17:01,725] multiqc                                            [DEBUG  ]  Reordering sections: anchor 'software_versions' not found for module 'PREPROCESS: fastp (adapter trimming)'.
[2022-03-03 04:17:01,725] multiqc                                            [DEBUG  ]  Reordering sections: anchor 'nf-core-viralrecon-summary' not found for module 'PREPROCESS: fastp (adapter trimming)'.
[2022-03-03 04:17:01,725] multiqc                                            [DEBUG  ]  Reordering sections: anchor 'summary_assembly_metrics' not found for module 'VARIANTS: Bowtie 2'.
[2022-03-03 04:17:01,725] multiqc                                            [DEBUG  ]  Reordering sections: anchor 'amplicon_heatmap' not found for module 'VARIANTS: Bowtie 2'.
[2022-03-03 04:17:01,725] multiqc                                            [DEBUG  ]  Reordering sections: anchor 'ivar_variants' not found for module 'VARIANTS: Bowtie 2'.
[2022-03-03 04:17:01,725] multiqc                                            [DEBUG  ]  Reordering sections: anchor 'software_versions' not found for module 'VARIANTS: Bowtie 2'.
[2022-03-03 04:17:01,725] multiqc                                            [DEBUG  ]  Reordering sections: anchor 'nf-core-viralrecon-summary' not found for module 'VARIANTS: Bowtie 2'.
[2022-03-03 04:17:01,725] multiqc                                            [DEBUG  ]  Reordering sections: anchor 'summary_assembly_metrics' not found for module 'VARIANTS: SAMTools (raw)'.
[2022-03-03 04:17:01,725] multiqc                                            [DEBUG  ]  Reordering sections: anchor 'amplicon_heatmap' not found for module 'VARIANTS: SAMTools (raw)'.
[2022-03-03 04:17:01,725] multiqc                                            [DEBUG  ]  Reordering sections: anchor 'ivar_variants' not found for module 'VARIANTS: SAMTools (raw)'.
[2022-03-03 04:17:01,725] multiqc                                            [DEBUG  ]  Reordering sections: anchor 'software_versions' not found for module 'VARIANTS: SAMTools (raw)'.
[2022-03-03 04:17:01,725] multiqc                                            [DEBUG  ]  Reordering sections: anchor 'nf-core-viralrecon-summary' not found for module 'VARIANTS: SAMTools (raw)'.
[2022-03-03 04:17:01,725] multiqc                                            [DEBUG  ]  Reordering sections: anchor 'summary_assembly_metrics' not found for module 'VARIANTS: mosdepth'.
[2022-03-03 04:17:01,725] multiqc                                            [DEBUG  ]  Reordering sections: anchor 'amplicon_heatmap' not found for module 'VARIANTS: mosdepth'.
[2022-03-03 04:17:01,725] multiqc                                            [DEBUG  ]  Reordering sections: anchor 'ivar_variants' not found for module 'VARIANTS: mosdepth'.
[2022-03-03 04:17:01,725] multiqc                                            [DEBUG  ]  Reordering sections: anchor 'software_versions' not found for module 'VARIANTS: mosdepth'.
[2022-03-03 04:17:01,725] multiqc                                            [DEBUG  ]  Reordering sections: anchor 'nf-core-viralrecon-summary' not found for module 'VARIANTS: mosdepth'.
[2022-03-03 04:17:01,725] multiqc                                            [DEBUG  ]  Reordering sections: anchor 'summary_assembly_metrics' not found for module 'VARIANTS: Total variants (iVar)'.
[2022-03-03 04:17:01,725] multiqc                                            [DEBUG  ]  Reordering sections: anchor 'amplicon_heatmap' not found for module 'VARIANTS: Total variants (iVar)'.
[2022-03-03 04:17:01,725] multiqc                                            [DEBUG  ]  Reordering sections: anchor 'ivar_variants' not found for module 'VARIANTS: Total variants (iVar)'.
[2022-03-03 04:17:01,725] multiqc                                            [DEBUG  ]  Reordering sections: anchor 'software_versions' not found for module 'VARIANTS: Total variants (iVar)'.
[2022-03-03 04:17:01,725] multiqc                                            [DEBUG  ]  Reordering sections: anchor 'nf-core-viralrecon-summary' not found for module 'VARIANTS: Total variants (iVar)'.
[2022-03-03 04:17:01,725] multiqc                                            [DEBUG  ]  Reordering sections: anchor 'summary_assembly_metrics' not found for module 'VARIANTS: Pangolin'.
[2022-03-03 04:17:01,725] multiqc                                            [DEBUG  ]  Reordering sections: anchor 'amplicon_heatmap' not found for module 'VARIANTS: Pangolin'.
[2022-03-03 04:17:01,725] multiqc                                            [DEBUG  ]  Reordering sections: anchor 'ivar_variants' not found for module 'VARIANTS: Pangolin'.
[2022-03-03 04:17:01,725] multiqc                                            [DEBUG  ]  Reordering sections: anchor 'software_versions' not found for module 'VARIANTS: Pangolin'.
[2022-03-03 04:17:01,726] multiqc                                            [DEBUG  ]  Reordering sections: anchor 'nf-core-viralrecon-summary' not found for module 'VARIANTS: Pangolin'.
[2022-03-03 04:17:01,726] multiqc                                            [DEBUG  ]  Reordering sections: anchor 'summary_assembly_metrics' not found for module 'VARIANTS: BCFTools'.
[2022-03-03 04:17:01,726] multiqc                                            [DEBUG  ]  Reordering sections: anchor 'amplicon_heatmap' not found for module 'VARIANTS: BCFTools'.
[2022-03-03 04:17:01,726] multiqc                                            [DEBUG  ]  Reordering sections: anchor 'ivar_variants' not found for module 'VARIANTS: BCFTools'.
[2022-03-03 04:17:01,726] multiqc                                            [DEBUG  ]  Reordering sections: anchor 'software_versions' not found for module 'VARIANTS: BCFTools'.
[2022-03-03 04:17:01,726] multiqc                                            [DEBUG  ]  Reordering sections: anchor 'nf-core-viralrecon-summary' not found for module 'VARIANTS: BCFTools'.
[2022-03-03 04:17:01,726] multiqc                                            [DEBUG  ]  Reordering sections: anchor 'summary_assembly_metrics' not found for module 'VARIANTS: SnpEff'.
[2022-03-03 04:17:01,726] multiqc                                            [DEBUG  ]  Reordering sections: anchor 'amplicon_heatmap' not found for module 'VARIANTS: SnpEff'.
[2022-03-03 04:17:01,726] multiqc                                            [DEBUG  ]  Reordering sections: anchor 'ivar_variants' not found for module 'VARIANTS: SnpEff'.
[2022-03-03 04:17:01,726] multiqc                                            [DEBUG  ]  Reordering sections: anchor 'software_versions' not found for module 'VARIANTS: SnpEff'.
[2022-03-03 04:17:01,726] multiqc                                            [DEBUG  ]  Reordering sections: anchor 'nf-core-viralrecon-summary' not found for module 'VARIANTS: SnpEff'.
[2022-03-03 04:17:01,726] multiqc                                            [DEBUG  ]  Reordering sections: anchor 'summary_assembly_metrics' not found for module 'nf-core/viralrecon Software Versions'.
[2022-03-03 04:17:01,726] multiqc                                            [DEBUG  ]  Reordering sections: anchor 'amplicon_heatmap' not found for module 'nf-core/viralrecon Software Versions'.
[2022-03-03 04:17:01,726] multiqc                                            [DEBUG  ]  Reordering sections: anchor 'ivar_variants' not found for module 'nf-core/viralrecon Software Versions'.
[2022-03-03 04:17:01,726] multiqc                                            [DEBUG  ]  Reordering sections: anchor 'software_versions' not found for module 'nf-core/viralrecon Software Versions'.
[2022-03-03 04:17:01,726] multiqc                                            [DEBUG  ]  Reordering sections: anchor 'nf-core-viralrecon-summary' not found for module 'nf-core/viralrecon Software Versions'.
[2022-03-03 04:17:01,726] multiqc                                            [DEBUG  ]  Reordering sections: anchor 'summary_assembly_metrics' not found for module 'nf-core/viralrecon Workflow Summary'.
[2022-03-03 04:17:01,726] multiqc                                            [DEBUG  ]  Reordering sections: anchor 'amplicon_heatmap' not found for module 'nf-core/viralrecon Workflow Summary'.
[2022-03-03 04:17:01,726] multiqc                                            [DEBUG  ]  Reordering sections: anchor 'ivar_variants' not found for module 'nf-core/viralrecon Workflow Summary'.
[2022-03-03 04:17:01,726] multiqc                                            [DEBUG  ]  Reordering sections: anchor 'software_versions' not found for module 'nf-core/viralrecon Workflow Summary'.
[2022-03-03 04:17:01,726] multiqc                                            [DEBUG  ]  Reordering sections: anchor 'nf-core-viralrecon-summary' not found for module 'nf-core/viralrecon Workflow Summary'.
[2022-03-03 04:17:01,739] multiqc                                            [INFO   ]  Compressing plot data
[2022-03-03 04:17:02,391] multiqc                                            [WARNING]  Deleting    : multiqc_report.html   (-f was specified)
[2022-03-03 04:17:02,392] multiqc                                            [WARNING]  Deleting    : multiqc_data   (-f was specified)
[2022-03-03 04:17:02,395] multiqc                                            [INFO   ]  Report      : multiqc_report.html
[2022-03-03 04:17:02,395] multiqc                                            [INFO   ]  Data        : multiqc_data
[2022-03-03 04:17:02,395] multiqc                                            [DEBUG  ]  Moving data file from '/tmp/tmp55qvmn1s/multiqc_data' to '/home/fin/Documents/research/bioinformatics/covid-19/sunnybrook_ncov_surveillance/analyses/on_deer_spillback_paper/culture_comparison/viral_recon_analysis/work/58/3ae6c0ab3d294d8fb3a1748ad61bac/multiqc_data'
[2022-03-03 04:17:02,520] multiqc                                            [INFO   ]  MultiQC complete
